[2024-07-17 06:39:30,639: INFO: main: >>>>> Data Ingestion Stage started <<<<<<]
[2024-07-17 06:39:30,655: INFO: common: yaml file: config\config.yaml loaded successfully]
[2024-07-17 06:39:30,655: INFO: common: created directory at: output]
[2024-07-17 06:39:30,655: INFO: common: created directory at: output/data_ingestion]
[2024-07-17 06:39:30,655: INFO: data_ingestion: Data Ingestion]
[2024-07-17 06:39:30,655: INFO: data_ingestion: Reading the data]
[2024-07-17 06:39:31,752: INFO: data_ingestion: Saving the data]
[2024-07-17 06:39:31,976: INFO: data_ingestion: Ingestion of the data is completed]
[2024-07-17 06:39:32,024: INFO: main: >>>>> Data Ingestion Stage completed <<<<<<<

x==========x]
[2024-07-17 06:39:32,024: INFO: main: ************************]
[2024-07-17 06:39:32,024: INFO: main: >>>>> Data Transformation Stage started <<<<<<]
[2024-07-17 06:39:32,040: INFO: common: yaml file: config\config.yaml loaded successfully]
[2024-07-17 06:39:32,040: INFO: common: created directory at: output]
[2024-07-17 06:39:32,040: INFO: common: created directory at: output/data_transformation]
[2024-07-17 06:39:32,043: INFO: data_transformation: Loading the array]
[2024-07-17 06:39:32,114: INFO: data_transformation: Tokenzing the text data]
[2024-07-17 06:39:34,163: INFO: data_transformation: Saving the train and test datasets.]
[2024-07-17 06:39:34,221: INFO: main: >>>>> Data Transformation Stage completed <<<<<<<

x==========x]
[2024-07-17 06:39:34,221: INFO: main: ********************************]
[2024-07-17 06:39:34,221: INFO: main: >>>>> Model Training Stage started <<<<<<]
[2024-07-17 06:39:34,221: INFO: common: yaml file: config\config.yaml loaded successfully]
[2024-07-17 06:39:34,221: INFO: common: created directory at: output]
[2024-07-17 06:39:34,221: INFO: common: created directory at: output/model_trainer]
[2024-07-17 06:39:34,235: INFO: model_training: Loading the train datasets]
[2024-07-17 06:39:36,785: INFO: model_training: Training the model]
[2024-07-17 07:46:10,523: INFO: model_training: Saving the trained model]
[2024-07-17 07:46:11,973: INFO: main: >>>>> Model Training Stage completed <<<<<<<

x==========x]
[2024-07-17 07:46:11,989: INFO: main: ********************************]
[2024-07-17 07:46:11,989: INFO: main: >>>>> Model Evaluation Stage started <<<<<<]
[2024-07-17 07:46:11,989: INFO: common: yaml file: config\config.yaml loaded successfully]
[2024-07-17 07:46:11,989: INFO: common: created directory at: output]
[2024-07-17 07:46:11,995: INFO: common: created directory at: output/model_evaluation]
[2024-07-17 07:46:11,995: INFO: model_evaluation: Loading model, tokenizer and test dataset]
[2024-07-17 07:46:18,998: INFO: model_evaluation: Testing Translation Prediction]
[2024-07-17 07:47:28,884: INFO: main: >>>>> Model Evaluation Stage completed <<<<<<<

x==========x]
[2024-07-17 07:55:20,229: INFO: common: yaml file: config\config.yaml loaded successfully]
[2024-07-17 07:55:20,230: INFO: common: created directory at: output]
[2024-07-17 07:55:20,231: INFO: common: created directory at: output/model_evaluation]
[2024-07-17 07:55:20,233: INFO: 2807211646: Loading model, tokenizer and test dataset]
[2024-07-17 07:55:27,430: INFO: 2807211646: Testing Translation Prediction]
[2024-07-17 07:56:35,065: INFO: 2807211646: None]
[2024-07-17 07:56:35,065: INFO: 2807211646: Model evaluation is completed]
